app/build/outputs/mapping/release/seeds.txt
com.etgpy.rsiech.ApplicationClass
com.etgpy.rsiech.GistApi
com.etgpy.rsiech.ER
com.etgpy.rsiech.GameActivity
com.etgpy.rsiech.GistApi: retrofit2.Call getStringUrl()
com.etgpy.rsiech.ER: ER()
com.etgpy.rsiech.GameActivity: GameActivity()
com.etgpy.rsiech.ApplicationClass: ApplicationClass()
...
androidx.vectordrawable.graphics.drawable.VectorDrawableCompat$VectorDrawableCompatState: int getChangingConfigurations()
com.appsflyer.internal.am: void valueOf(java.lang.String)
androidx.appcompat.widget.AppCompatTextView: int getAutoSizeMinTextSize()
com.appsflyer.AppsFlyerLib: void setDebugLog(boolean)
com.onesignal.shortcutbadger.impl.NovaHomeBadger: NovaHomeBadger()
com.google.android.material.floatingactionbutton.FloatingActionButton: void setBackgroundTintMode(android.graphics.PorterDuff$Mode)
androidx.cardview.widget.CardView: boolean getUseCompatPadding()
androidx.appcompat.widget.ViewStubCompat: void setInflatedId(int)
com.google.android.material.floatingactionbutton.FloatingActionButton: void setExpandedComponentIdHint(int)
androidx.appcompat.widget.SearchView: int getSuggestionRowLayout()
androidx.appcompat.widget.Toolbar: void setPopupTheme(int)
com.google.android.material.snackbar.SnackbarContentLayout: android.widget.TextView getMessageView()
com.appsflyer.share.LinkGenerator: com.appsflyer.share.LinkGenerator setReferrerName(java.lang.String)
androidx.constraintlayout.motion.widget.MotionLayout: void setScene(androidx.constraintlayout.motion.widget.MotionScene)
com.appsflyer.internal.ao: ao(android.content.Context,com.appsflyer.internal.au)
com.appsflyer.internal.bp$2: bp$2(com.appsflyer.internal.bp,com.appsflyer.internal.ag)
com.google.android.material.textfield.TextInputLayout: int getBoxStrokeColor()
androidx.core.view.ViewCompat$Api21Impl: android.graphics.PorterDuff$Mode getBackgroundTintMode(android.view.View)
androidx.appcompat.widget.Toolbar: int getContentInsetEndWithActions()
androidx.lifecycle.ReportFragment$LifecycleCallbacks: void onActivityPostCreated(android.app.Activity,android.os.Bundle)
androidx.appcompat.widget.ActionMenuView: int getPopupTheme()
com.onesignal.OneSignal$EmailErrorType: com.onesignal.OneSignal$EmailErrorType valueOf(java.lang.String)
androidx.core.view.ViewCompat$Api18Impl: void setClipBounds(android.view.View,android.graphics.Rect)
androidx.core.view.ViewCompat$Api16Impl: void postInvalidateOnAnimation(android.view.View,int,int,int,int)
androidx.appcompat.widget.SearchView: SearchView(android.content.Context)
com.appsflyer.AppsFlyerLib: java.lang.String getSdkVersion()
com.google.android.material.textfield.TextInputLayout: void setEndIconTintMode(android.graphics.PorterDuff$Mode)
androidx.work.impl.background.systemalarm.ConstraintProxy$BatteryNotLowProxy: ConstraintProxy$BatteryNotLowProxy()
androidx.media.AudioAttributesCompat: AudioAttributesCompat()
com.google.android.material.button.MaterialButton: void setIconPadding(int)
com.google.android.material.chip.Chip: float getChipIconSize()
com.appsflyer.AppsFlyerProperties: boolean isLogsDisabledCompletely()
androidx.appcompat.widget.AppCompatTextView: void setFilters(android.text.InputFilter[])
androidx.activity.ComponentActivity: void setContentView(android.view.View)
com.google.android.material.textfield.TextInputLayout: java.lang.CharSequence getSuffixText()
com.appsflyer.internal.ag: long values(com.appsflyer.internal.ag)
androidx.appcompat.widget.Toolbar: android.widget.TextView getTitleTextView()
com.onesignal.JobIntentService$GenericWorkItem: void complete()
com.appsflyer.internal.cm: void values(byte[],byte,long)
kotlin.collections.EmptySet: java.lang.Object readResolve()
com.google.android.material.appbar.AppBarLayout: androidx.coordinatorlayout.widget.CoordinatorLayout$Behavior getBehavior()
androidx.appcompat.widget.AppCompatToggleButton: androidx.appcompat.widget.AppCompatEmojiTextHelper getEmojiTextViewHelper()
androidx.recyclerview.widget.RecyclerView: long getNanoTime()
com.google.android.material.chip.Chip: void setIconStartPaddingResource(int)
com.appsflyer.oaid.R$attr: R$attr()
androidx.appcompat.widget.AppCompatImageView: void setSupportImageTintMode(android.graphics.PorterDuff$Mode)
androidx.core.view.WindowInsetsCompat$Impl: androidx.core.graphics.Insets getStableInsets()