app/build/outputs/mapping/release/usage.txt
com.etgpy.rsiech.BuildConfig
com.etgpy.rsiech.CNSTN:
    public static final java.lang.String DB_6_E_47_RAW_EGYPT_RICHES
    public static final java.lang.String LA_ED_RSEVQ_NFJGUERDYW
    public static final java.lang.String NTJM_NZ_RI
    public void <init>()
com.etgpy.rsiech.ER:
    public static final int INPUT_FILE_REQUEST_CODEetgpy
    public static final java.lang.String URLPRFSetgpy
com.etgpy.rsiech.GameActivity$Opponent:
    void nextImg()
com.etgpy.rsiech.R$anim
com.etgpy.rsiech.R$animator
com.etgpy.rsiech.R$attr
com.etgpy.rsiech.R$bool
com.etgpy.rsiech.R$color
com.etgpy.rsiech.R$dimen
com.etgpy.rsiech.R$drawable
com.etgpy.rsiech.R$id
com.etgpy.rsiech.R$integer
com.etgpy.rsiech.R$interpolator
com.etgpy.rsiech.R$layout
com.etgpy.rsiech.R$menu
com.etgpy.rsiech.R$mipmap
com.etgpy.rsiech.R$plurals
com.etgpy.rsiech.R$raw
com.etgpy.rsiech.R$string
com.etgpy.rsiech.R$style
com.etgpy.rsiech.R$styleable
com.etgpy.rsiech.R$xml
com.etgpy.rsiech.R
com.etgpy.rsiech.CNSTN
com.etgpy.rsiech.ER:
    public android.net.Uri[] resultsetgpy
    public static synthetic java.lang.String access$000(com.etgpy.rsiech.ER)
    public static synthetic java.lang.String access$002(com.etgpy.rsiech.ER,java.lang.String)
    public static synthetic java.lang.String access$102(com.etgpy.rsiech.ER,java.lang.String)
    public static synthetic java.lang.String access$200(com.etgpy.rsiech.ER)
    public static synthetic java.lang.String access$202(com.etgpy.rsiech.ER,java.lang.String)
    public static synthetic android.content.SharedPreferences access$300(com.etgpy.rsiech.ER)
    public static synthetic android.content.SharedPreferences access$302(com.etgpy.rsiech.ER,android.content.SharedPreferences)
    public static synthetic java.lang.String access$400(com.etgpy.rsiech.ER)
    public static synthetic java.lang.String access$402(com.etgpy.rsiech.ER,java.lang.String)
    public static synthetic android.webkit.WebView access$500(com.etgpy.rsiech.ER)
    public static synthetic android.widget.ProgressBar access$600(com.etgpy.rsiech.ER)
    public static synthetic void access$700(com.etgpy.rsiech.ER)
    public static synthetic android.webkit.ValueCallback access$802(com.etgpy.rsiech.ER,android.webkit.ValueCallback)
    public final boolean devModeOff()
    public final void setWebViewetgpy(android.webkit.WebView)
    public void startWebView(java.lang.String)
com.etgpy.rsiech.F_B_K$1:
    public final synthetic com.etgpy.rsiech.F_B_K this$0
com.etgpy.rsiech.GameActivity$Opponent:
    public int currentIndex
    public final synthetic com.etgpy.rsiech.GameActivity this$0
com.etgpy.rsiech.ParserStr
...
com.facebook.appevents.ml.Utils:
    private static final java.lang.String DIR_NAME
com.facebook.appevents.ondeviceprocessing.RemoteServiceWrapper:
    public static final java.lang.String RECEIVER_SERVICE_ACTION
    public static final java.lang.String RECEIVER_SERVICE_PACKAGE
    public static final java.lang.String RECEIVER_SERVICE_PACKAGE_WAKIZASHI
com.facebook.appevents.restrictivedatafilter.RestrictiveDataManager$RestrictiveParamFilter:
    public final void setEventName(java.lang.String)
com.facebook.appevents.restrictivedatafilter.RestrictiveDataManager:
    private static final java.lang.String PROCESS_EVENT_NAME
    private static final java.lang.String REPLACEMENT_STRING
    private static final java.lang.String RESTRICTIVE_PARAM
    private static final java.lang.String RESTRICTIVE_PARAM_KEY
com.facebook.appevents.suggestedevents.FeatureExtractor:
    private static final int NUM_OF_FEATURES
    private static final java.lang.String REGEX_ADD_TO_CART_BUTTON_TEXT
    private static final java.lang.String REGEX_ADD_TO_CART_PAGE_TITLE
    private static final java.lang.String REGEX_CR_HAS_CONFIRM_PASSWORD_FIELD
    private static final java.lang.String REGEX_CR_HAS_LOG_IN_KEYWORDS
    private static final java.lang.String REGEX_CR_HAS_SIGN_ON_KEYWORDS
    private static final java.lang.String REGEX_CR_PASSWORD_FIELD
com.facebook.appevents.suggestedevents.PredictionHistoryManager:
    private static final java.lang.String CLICKED_PATH_STORE
    private static final java.lang.String SUGGESTED_EVENTS_HISTORY
com.facebook.appevents.suggestedevents.SuggestedEventsManager:
    private static final java.lang.String ELIGIBLE_EVENTS_KEY
    private static final java.lang.String PRODUCTION_EVENTS_KEY
    public static final boolean isEnabled()
com.facebook.appevents.suggestedevents.ViewObserver:
    private static final int MAX_TEXT_LENGTH
    public static final void startTrackingActivity(android.app.Activity)
    public static final void stopTrackingActivity(android.app.Activity)
com.facebook.appevents.suggestedevents.ViewOnClickListener:
    private static final java.lang.String API_ENDPOINT
    public static final java.lang.String OTHER_EVENT
    public static final void attachListener$facebook_core_release(android.view.View,android.view.View,java.lang.String)
com.facebook.applinks.AppLinkData:
    private static final java.lang.String APPLINK_BRIDGE_ARGS_KEY
    private static final java.lang.String APPLINK_METHOD_ARGS_KEY
    private static final java.lang.String APPLINK_VERSION_KEY
    public static final java.lang.String ARGUMENTS_EXTRAS_KEY
    public static final java.lang.String ARGUMENTS_NATIVE_CLASS_KEY
    public static final java.lang.String ARGUMENTS_NATIVE_URL
    public static final java.lang.String ARGUMENTS_REFERER_DATA_KEY
    public static final java.lang.String ARGUMENTS_TAPTIME_KEY
    private static final java.lang.String AUTO_APPLINK_FLAG_KEY
    private static final java.lang.String BRIDGE_ARGS_METHOD_KEY
    private static final java.lang.String BUNDLE_AL_APPLINK_DATA_KEY
    private static final java.lang.String BUNDLE_APPLINK_ARGS_KEY
    private static final java.lang.String DEFERRED_APP_LINK_ARGS_FIELD
    private static final java.lang.String DEFERRED_APP_LINK_CLASS_FIELD
    private static final java.lang.String DEFERRED_APP_LINK_CLICK_TIME_FIELD
    private static final java.lang.String DEFERRED_APP_LINK_EVENT
    private static final java.lang.String DEFERRED_APP_LINK_PATH
    private static final java.lang.String DEFERRED_APP_LINK_URL_FIELD
    private static final java.lang.String EXTRAS_DEEPLINK_CONTEXT_KEY
    private static final java.lang.String METHOD_ARGS_REF_KEY
    private static final java.lang.String METHOD_ARGS_TARGET_URL_KEY
    private static final java.lang.String PROMOTION_CODE_KEY
com.facebook.applinks.BuildConfig
com.facebook.applinks.FacebookAppLinkResolver$1
com.facebook.applinks.FacebookAppLinkResolver$2
com.facebook.applinks.FacebookAppLinkResolver